{"/usr/local/projects/react-native/exp-init/lib/math.js":{"path":"/usr/local/projects/react-native/exp-init/lib/math.js","s":{"1":1,"2":0,"3":0,"4":0,"5":0,"6":0,"7":0,"8":0,"9":0,"10":1},"b":{"1":[0,0],"2":[0,0],"3":[0,0],"4":[0,0],"5":[0,0],"6":[0,0]},"f":{"1":0},"fnMap":{"1":{"name":"math","line":1,"loc":{"start":{"line":1,"column":0},"end":{"line":1,"column":16}}}},"statementMap":{"1":{"start":{"line":1,"column":0},"end":{"line":13,"column":1}},"2":{"start":{"line":2,"column":4},"end":{"line":2,"column":34}},"3":{"start":{"line":3,"column":4},"end":{"line":4,"column":27}},"4":{"start":{"line":5,"column":4},"end":{"line":5,"column":50}},"5":{"start":{"line":6,"column":4},"end":{"line":12,"column":5}},"6":{"start":{"line":7,"column":8},"end":{"line":7,"column":20}},"7":{"start":{"line":8,"column":11},"end":{"line":12,"column":5}},"8":{"start":{"line":9,"column":8},"end":{"line":9,"column":20}},"9":{"start":{"line":11,"column":8},"end":{"line":11,"column":21}},"10":{"start":{"line":15,"column":0},"end":{"line":15,"column":20}}},"branchMap":{"1":{"line":2,"type":"cond-expr","locations":[{"start":{"line":2,"column":21},"end":{"line":2,"column":25}},{"start":{"line":2,"column":28},"end":{"line":2,"column":33}}]},"2":{"line":3,"type":"cond-expr","locations":[{"start":{"line":3,"column":21},"end":{"line":3,"column":25}},{"start":{"line":4,"column":21},"end":{"line":4,"column":26}}]},"3":{"line":5,"type":"cond-expr","locations":[{"start":{"line":5,"column":21},"end":{"line":5,"column":25}},{"start":{"line":5,"column":28},"end":{"line":5,"column":49}}]},"4":{"line":5,"type":"cond-expr","locations":[{"start":{"line":5,"column":37},"end":{"line":5,"column":41}},{"start":{"line":5,"column":44},"end":{"line":5,"column":49}}]},"5":{"line":6,"type":"if","locations":[{"start":{"line":6,"column":4},"end":{"line":6,"column":4}},{"start":{"line":6,"column":4},"end":{"line":6,"column":4}}]},"6":{"line":8,"type":"if","locations":[{"start":{"line":8,"column":11},"end":{"line":8,"column":11}},{"start":{"line":8,"column":11},"end":{"line":8,"column":11}}]}}}}